<?xml version="1.0" encoding="UTF-8"?>
<testng-results ignored="0" total="2" passed="2" failed="0" skipped="0">
  <reporter-output>
  </reporter-output>
  <suite started-at="2024-07-01T12:39:07 IST" name="Default suite" finished-at="2024-07-01T12:39:11 IST" duration-ms="3402">
    <groups>
    </groups>
    <test started-at="2024-07-01T12:39:07 IST" name="Default test" finished-at="2024-07-01T12:39:11 IST" duration-ms="3402">
      <class name="httprequests.httpq$GetAPITest">
        <test-method signature="postCityPopulation()[pri:0, instance:httprequests.httpq$GetAPITest@3ba9ad43]" started-at="2024-07-01T12:39:07 IST" name="postCityPopulation" finished-at="2024-07-01T12:39:10 IST" duration-ms="2861" status="PASS">
          <reporter-output>
          </reporter-output>
        </test-method> <!-- postCityPopulation -->
        <test-method signature="testWeatherInLondon()[pri:0, instance:httprequests.httpq$GetAPITest@3ba9ad43]" started-at="2024-07-01T12:39:10 IST" name="testWeatherInLondon" finished-at="2024-07-01T12:39:11 IST" duration-ms="517" status="PASS">
          <reporter-output>
          </reporter-output>
        </test-method> <!-- testWeatherInLondon -->
      </class> <!-- httprequests.httpq$GetAPITest -->
    </test> <!-- Default test -->
  </suite> <!-- Default suite -->
</testng-results>
